Removed Pin From Net: NetName=LCD_LED_PWM6 Pin=J2-1
Removed Pin From Net: NetName=+12V Pin=J2-2
Removed Pin From Net: NetName=GND Pin=J2-3
Removed Pin From Net: NetName=+3.3V Pin=J2-4
Removed Pin From Net: NetName=Reset_LCD&Touch Pin=J2-6
Removed Pin From Net: NetName=INT_Touch6 Pin=J2-7
Removed Pin From Net: NetName=STM_I2C_SCL Pin=J2-8
Removed Pin From Net: NetName=STM_I2C_SDA Pin=J2-9
Removed Pin From Net: NetName=VSPI_MOSI Pin=J2-10
Removed Pin From Net: NetName=VSPI_SCLK Pin=J2-11
Removed Pin From Net: NetName=VSPI_CS_LCD6 Pin=J2-12
Added Pin To Net: NetName=VSPI_CS_LCD6 Pin=J2-1
Added Pin To Net: NetName=VSPI_SCLK Pin=J2-2
Added Pin To Net: NetName=VSPI_MOSI Pin=J2-3
Added Pin To Net: NetName=STM_I2C_SDA Pin=J2-4
Added Pin To Net: NetName=STM_I2C_SCL Pin=J2-5
Added Pin To Net: NetName=INT_Touch6 Pin=J2-6
Added Pin To Net: NetName=Reset_LCD&Touch Pin=J2-7
Added Pin To Net: NetName=+3.3V Pin=J2-9
Added Pin To Net: NetName=GND Pin=J2-10
Added Pin To Net: NetName=+12V Pin=J2-11
Added Pin To Net: NetName=LCD_LED_PWM6 Pin=J2-12
