Replace Part C? Cap Tantal 10uF (SMDA) in D:\GitHub\Future\SmartCube\Altium\Smart_Cube.SchDoc with Cap Tantal 10uF (SMDA) from Karen_Components.IntLib
Replace Part C? Cap 10pF (0603) in D:\GitHub\Future\SmartCube\Altium\Smart_Cube.SchDoc with Cap 10pF (0603) from Karen_Components.IntLib
Replace Part C? Cap 0.1uF (0603) in D:\GitHub\Future\SmartCube\Altium\Smart_Cube.SchDoc with Cap 0.1uF (0603) from Karen_Components.IntLib
Replace Part C? Cap 0.1uF (0603) in D:\GitHub\Future\SmartCube\Altium\Smart_Cube.SchDoc with Cap 0.1uF (0603) from Karen_Components.IntLib
Replace Part C? Cap 10uF (0603) in D:\GitHub\Future\SmartCube\Altium\Smart_Cube.SchDoc with Cap 10uF (0603) from Karen_Components.IntLib
Replace Part C? Cap 10uF (0603) in D:\GitHub\Future\SmartCube\Altium\Smart_Cube.SchDoc with Cap 10uF (0603) from Karen_Components.IntLib
Replace Part C? Cap 0.1uF (0603) in D:\GitHub\Future\SmartCube\Altium\Smart_Cube.SchDoc with Cap 0.1uF (0603) from Karen_Components.IntLib
Replace Part C? Cap 10pF (0603) in D:\GitHub\Future\SmartCube\Altium\Smart_Cube.SchDoc with Cap 10pF (0603) from Karen_Components.IntLib
Replace Part C? Cap 0.1uF (0603) in D:\GitHub\Future\SmartCube\Altium\Smart_Cube.SchDoc with Cap 0.1uF (0603) from Karen_Components.IntLib
Replace Part C? Cap 5.6pF (0603) in D:\GitHub\Future\SmartCube\Altium\Smart_Cube.SchDoc with Cap 5.6pF (0603) from Karen_Components.IntLib
Replace Part C? Cap 10nF (0603) in D:\GitHub\Future\SmartCube\Altium\Smart_Cube.SchDoc with Cap 10nF (0603) from Karen_Components.IntLib
Replace Part D? Zener Diode 5.1V in D:\GitHub\Future\SmartCube\Altium\Smart_Cube.SchDoc with Zener Diode 5.1V from Karen_Components.IntLib
Replace Part D? Diode Schottky (SMA) in D:\GitHub\Future\SmartCube\Altium\Smart_Cube.SchDoc with Diode Schottky (SMA) from Karen_Components.IntLib
Replace Part D? Diode Schottky (SMA) in D:\GitHub\Future\SmartCube\Altium\Smart_Cube.SchDoc with Diode Schottky (SMA) from Karen_Components.IntLib
Replace Part D? Diode Schottky (SMA) in D:\GitHub\Future\SmartCube\Altium\Smart_Cube.SchDoc with Diode Schottky (SMA) from Karen_Components.IntLib
Replace Part D? Diode Schottky (SMA) in D:\GitHub\Future\SmartCube\Altium\Smart_Cube.SchDoc with Diode Schottky (SMA) from Karen_Components.IntLib
Replace Part J? Connector Coaxial Antenna in D:\GitHub\Future\SmartCube\Altium\Smart_Cube.SchDoc with Connector Coaxial Antenna from Karen_Components.IntLib
Replace Part P? Header 2 in D:\GitHub\Future\SmartCube\Altium\Smart_Cube.SchDoc with Header 2 from Miscellaneous Connectors.IntLib
Replace Part R? Res 12k (0603) in D:\GitHub\Future\SmartCube\Altium\Smart_Cube.SchDoc with Res 12k (0603) from Karen_Components.IntLib
Replace Part R? Res 0R (0603) in D:\GitHub\Future\SmartCube\Altium\Smart_Cube.SchDoc with Res 0R (0603) from Karen_Components.IntLib
Replace Part U? ESP8266 in D:\GitHub\Future\SmartCube\Altium\Smart_Cube.SchDoc with ESP8266 from Karen_Components.IntLib
Replace Part U? MEMs 9 Axis in D:\GitHub\Future\SmartCube\Altium\Smart_Cube.SchDoc with MEMs 9 Axis from Karen_Components.IntLib
Replace Part Y? Crystal 26MHz [ABM] in D:\GitHub\Future\SmartCube\Altium\Smart_Cube.SchDoc with Crystal 26MHz [ABM] from Karen_Components.IntLib
