Replace Part C1 Cap 10uF (0603) in D:\GitHub\Future\SmartCube\Altium\Smart_Cube.SchDoc with Cap 10uF (0603) from Karen_Components.IntLib
Replace Part C2 Cap 2.2uF (0603) in D:\GitHub\Future\SmartCube\Altium\Smart_Cube.SchDoc with Cap 2.2uF (0603) from Karen_Components.IntLib
Replace Part C3 Cap Tantal 10uF (SMDA) in D:\GitHub\Future\SmartCube\Altium\Smart_Cube.SchDoc with Cap Tantal 10uF (SMDA) from Karen_Components.IntLib
Replace Part C4 Cap 0.1uF (0603) in D:\GitHub\Future\SmartCube\Altium\Smart_Cube.SchDoc with Cap 0.1uF (0603) from Karen_Components.IntLib
Replace Part C5 Cap Tantal 22uF (SMDC) in D:\GitHub\Future\SmartCube\Altium\Smart_Cube.SchDoc with Cap Tantal 22uF (SMDC) from Karen_Components.IntLib
Replace Part C6 Cap 470pF (0603) in D:\GitHub\Future\SmartCube\Altium\Smart_Cube.SchDoc with Cap 470pF (0603) from Karen_Components.IntLib
Replace Part C7 Cap 0.1uF (0603) in D:\GitHub\Future\SmartCube\Altium\Smart_Cube.SchDoc with Cap 0.1uF (0603) from Karen_Components.IntLib
Replace Part C8 Cap 10uF (0603) in D:\GitHub\Future\SmartCube\Altium\Smart_Cube.SchDoc with Cap 10uF (0603) from Karen_Components.IntLib
Replace Part C9 Cap 0.1uF (0603) in D:\GitHub\Future\SmartCube\Altium\Smart_Cube.SchDoc with Cap 0.1uF (0603) from Karen_Components.IntLib
Replace Part C10 Cap 0.1uF (0603) in D:\GitHub\Future\SmartCube\Altium\Smart_Cube.SchDoc with Cap 0.1uF (0603) from Karen_Components.IntLib
Replace Part C11 Cap 10nF (0603) in D:\GitHub\Future\SmartCube\Altium\Smart_Cube.SchDoc with Cap 10nF (0603) from Karen_Components.IntLib
Replace Part C12 Cap 0.1uF (0603) in D:\GitHub\Future\SmartCube\Altium\Smart_Cube.SchDoc with Cap 0.1uF (0603) from Karen_Components.IntLib
Replace Part D1 Diode Schottky (SOD-123) in D:\GitHub\Future\SmartCube\Altium\Smart_Cube.SchDoc with Diode Schottky (SOD-123) from Karen_Components.IntLib
Replace Part D2 Diode Schottky (SOD-123) in D:\GitHub\Future\SmartCube\Altium\Smart_Cube.SchDoc with Diode Schottky (SOD-123) from Karen_Components.IntLib
Replace Part D3 Diode Schottky (SOD-123) in D:\GitHub\Future\SmartCube\Altium\Smart_Cube.SchDoc with Diode Schottky (SOD-123) from Karen_Components.IntLib
Replace Part D4 Zener Diode 5.1V in D:\GitHub\Future\SmartCube\Altium\Smart_Cube.SchDoc with Zener Diode 5.1V from Karen_Components.IntLib
Replace Part D5 Diode Schottky (SOD-123) in D:\GitHub\Future\SmartCube\Altium\Smart_Cube.SchDoc with Diode Schottky (SOD-123) from Karen_Components.IntLib
Replace Part D6 Diode Schottky (SOD-123) in D:\GitHub\Future\SmartCube\Altium\Smart_Cube.SchDoc with Diode Schottky (SOD-123) from Karen_Components.IntLib
Replace Part D7 Led Green in D:\GitHub\Future\SmartCube\Altium\Smart_Cube.SchDoc with Led Green from Karen_Components.IntLib
Replace Part D8 Diode Schottky (SOD-123) in D:\GitHub\Future\SmartCube\Altium\Smart_Cube.SchDoc with Diode Schottky (SOD-123) from Karen_Components.IntLib
Replace Part D9 Diode Schottky (SOD-123) in D:\GitHub\Future\SmartCube\Altium\Smart_Cube.SchDoc with Diode Schottky (SOD-123) from Karen_Components.IntLib
Replace Part J1 Conn40x1 (FH12) in D:\GitHub\Future\SmartCube\Altium\Smart_Cube.SchDoc with Conn40x1 (FH12) from Karen_Components.IntLib
Replace Part J2 Conn40x1 (FH12) in D:\GitHub\Future\SmartCube\Altium\Smart_Cube.SchDoc with Conn40x1 (FH12) from Karen_Components.IntLib
Replace Part J3 Conn40x1 (FH12) in D:\GitHub\Future\SmartCube\Altium\Smart_Cube.SchDoc with Conn40x1 (FH12) from Karen_Components.IntLib
Replace Part J4 Conn40x1 (FH12) in D:\GitHub\Future\SmartCube\Altium\Smart_Cube.SchDoc with Conn40x1 (FH12) from Karen_Components.IntLib
Replace Part J? Conn6x1 (FH12) in D:\GitHub\Future\SmartCube\Altium\Smart_Cube.SchDoc with Conn6x1 (FH12) from Karen_Components.IntLib
Replace Part L1 Inductor 6.8uH (4.2A) in D:\GitHub\Future\SmartCube\Altium\Smart_Cube.SchDoc with Inductor 6.8uH (4.2A) from Karen_Components.IntLib
Replace Part Li-Po Header 2 in D:\GitHub\Future\SmartCube\Altium\Smart_Cube.SchDoc with Header 2 from Miscellaneous Connectors.IntLib
Replace Part P1 Header 7 in D:\GitHub\Future\SmartCube\Altium\Smart_Cube.SchDoc with Header 7 from Miscellaneous Connectors.IntLib
Replace Part Power_But Header 2 in D:\GitHub\Future\SmartCube\Altium\Smart_Cube.SchDoc with Header 2 from Miscellaneous Connectors.IntLib
Replace Part Q2 NPN [BC817] in D:\GitHub\Future\SmartCube\Altium\Smart_Cube.SchDoc with NPN [BC817] from Karen_Components.IntLib
Replace Part Q? NPN [BC817] in D:\GitHub\Future\SmartCube\Altium\Smart_Cube.SchDoc with NPN [BC817] from Karen_Components.IntLib
Replace Part Q? NPN [BC817] in D:\GitHub\Future\SmartCube\Altium\Smart_Cube.SchDoc with NPN [BC817] from Karen_Components.IntLib
Replace Part Q? NPN [BC817] in D:\GitHub\Future\SmartCube\Altium\Smart_Cube.SchDoc with NPN [BC817] from Karen_Components.IntLib
Replace Part R2 Res 43k (0603) in D:\GitHub\Future\SmartCube\Altium\Smart_Cube.SchDoc with Res 43k (0603) from Karen_Components.IntLib
Replace Part R3 Res 510R (0603) in D:\GitHub\Future\SmartCube\Altium\Smart_Cube.SchDoc with Res 510R (0603) from Karen_Components.IntLib
Replace Part R4 Res 15k (0603) in D:\GitHub\Future\SmartCube\Altium\Smart_Cube.SchDoc with Res 15k (0603) from Karen_Components.IntLib
Replace Part R5 Res 2k (0603) in D:\GitHub\Future\SmartCube\Altium\Smart_Cube.SchDoc with Res 2k (0603) from Karen_Components.IntLib
Replace Part R? Res 1k (0603) in D:\GitHub\Future\SmartCube\Altium\Smart_Cube.SchDoc with Res 1k (0603) from Karen_Components.IntLib
Replace Part R? Res 1k (0603) in D:\GitHub\Future\SmartCube\Altium\Smart_Cube.SchDoc with Res 1k (0603) from Karen_Components.IntLib
Replace Part R? Res 30R (0603) in D:\GitHub\Future\SmartCube\Altium\Smart_Cube.SchDoc with Res 30R (0603) from Karen_Components.IntLib
Replace Part R? Res 30R (0603) in D:\GitHub\Future\SmartCube\Altium\Smart_Cube.SchDoc with Res 30R (0603) from Karen_Components.IntLib
Replace Part R? Res 1k (0603) in D:\GitHub\Future\SmartCube\Altium\Smart_Cube.SchDoc with Res 1k (0603) from Karen_Components.IntLib
Replace Part R? Res 1k (0603) in D:\GitHub\Future\SmartCube\Altium\Smart_Cube.SchDoc with Res 1k (0603) from Karen_Components.IntLib
Replace Part R? Res 30R (0603) in D:\GitHub\Future\SmartCube\Altium\Smart_Cube.SchDoc with Res 30R (0603) from Karen_Components.IntLib
Replace Part R? Res 1k (0603) in D:\GitHub\Future\SmartCube\Altium\Smart_Cube.SchDoc with Res 1k (0603) from Karen_Components.IntLib
Replace Part R? Res 30R (0603) in D:\GitHub\Future\SmartCube\Altium\Smart_Cube.SchDoc with Res 30R (0603) from Karen_Components.IntLib
Replace Part U1 DC/DC Controller [LM2731] in D:\GitHub\Future\SmartCube\Altium\Smart_Cube.SchDoc with DC/DC Controller [LM2731] from Karen_Components.IntLib
Replace Part U2 Charger [LTC] in D:\GitHub\Future\SmartCube\Altium\Smart_Cube.SchDoc with Charger [LTC] from Karen_Components.IntLib
Replace Part U3 ESP32-WROOM (D0WD) in D:\GitHub\Future\SmartCube\Altium\Smart_Cube.SchDoc with ESP32-WROOM (D0WD) from Karen_Components.IntLib
Replace Part U4 MEMs 9 Axis in D:\GitHub\Future\SmartCube\Altium\Smart_Cube.SchDoc with MEMs 9 Axis from Karen_Components.IntLib
