Replace Part C? Cap 2.2uF (0603) in D:\GitHub\Future\SmartCube\Altium\Smart_Cube.SchDoc with Cap 2.2uF (0603) from Karen_Components.IntLib
Replace Part C? Cap Tantal 22uF (SMDC) in D:\GitHub\Future\SmartCube\Altium\Smart_Cube.SchDoc with Cap Tantal 22uF (SMDC) from Karen_Components.IntLib
Replace Part C? Cap 470pF (0603) in D:\GitHub\Future\SmartCube\Altium\Smart_Cube.SchDoc with Cap 470pF (0603) from Karen_Components.IntLib
Replace Part C? Cap 3.3nF (0603) in D:\GitHub\Future\SmartCube\Altium\Smart_Cube.SchDoc with Cap 3.3nF (0603) from Karen_Components.IntLib
Replace Part C? Cap 0.1uF (0603) in D:\GitHub\Future\SmartCube\Altium\Smart_Cube.SchDoc with Cap 0.1uF (0603) from Karen_Components.IntLib
Replace Part C? Cap 5.6pF (0603) in D:\GitHub\Future\SmartCube\Altium\Smart_Cube.SchDoc with Cap 5.6pF (0603) from Karen_Components.IntLib
Replace Part C? Cap 0.1uF (0603) in D:\GitHub\Future\SmartCube\Altium\Smart_Cube.SchDoc with Cap 0.1uF (0603) from Karen_Components.IntLib
Replace Part C? Cap 0.1uF (0603) in D:\GitHub\Future\SmartCube\Altium\Smart_Cube.SchDoc with Cap 0.1uF (0603) from Karen_Components.IntLib
Replace Part C? Cap Tantal 10uF (SMDA) in D:\GitHub\Future\SmartCube\Altium\Smart_Cube.SchDoc with Cap Tantal 10uF (SMDA) from Karen_Components.IntLib
Replace Part C? Cap 5.6pF (0603) in D:\GitHub\Future\SmartCube\Altium\Smart_Cube.SchDoc with Cap 5.6pF (0603) from Karen_Components.IntLib
Replace Part C? Cap 1uF (0603) in D:\GitHub\Future\SmartCube\Altium\Smart_Cube.SchDoc with Cap 1uF (0603) from Karen_Components.IntLib
Replace Part C? Cap 22pF (0603) in D:\GitHub\Future\SmartCube\Altium\Smart_Cube.SchDoc with Cap 22pF (0603) from Karen_Components.IntLib
Replace Part C? Cap 1uF (0603) in D:\GitHub\Future\SmartCube\Altium\Smart_Cube.SchDoc with Cap 1uF (0603) from Karen_Components.IntLib
Replace Part C? Cap 0.1uF (0603) in D:\GitHub\Future\SmartCube\Altium\Smart_Cube.SchDoc with Cap 0.1uF (0603) from Karen_Components.IntLib
Replace Part C? Cap 0.1uF (0603) in D:\GitHub\Future\SmartCube\Altium\Smart_Cube.SchDoc with Cap 0.1uF (0603) from Karen_Components.IntLib
Replace Part C? Cap 10uF (0603) in D:\GitHub\Future\SmartCube\Altium\Smart_Cube.SchDoc with Cap 10uF (0603) from Karen_Components.IntLib
Replace Part C? Cap 0.1uF (0603) in D:\GitHub\Future\SmartCube\Altium\Smart_Cube.SchDoc with Cap 0.1uF (0603) from Karen_Components.IntLib
Replace Part C? Cap 10uF (0603) in D:\GitHub\Future\SmartCube\Altium\Smart_Cube.SchDoc with Cap 10uF (0603) from Karen_Components.IntLib
Replace Part C? Cap 0.1uF (0603) in D:\GitHub\Future\SmartCube\Altium\Smart_Cube.SchDoc with Cap 0.1uF (0603) from Karen_Components.IntLib
Replace Part C? Cap 0.1uF (0603) in D:\GitHub\Future\SmartCube\Altium\Smart_Cube.SchDoc with Cap 0.1uF (0603) from Karen_Components.IntLib
Replace Part C? Cap 1uF (0603) in D:\GitHub\Future\SmartCube\Altium\Smart_Cube.SchDoc with Cap 1uF (0603) from Karen_Components.IntLib
Replace Part C? Cap 22pF (0603) in D:\GitHub\Future\SmartCube\Altium\Smart_Cube.SchDoc with Cap 22pF (0603) from Karen_Components.IntLib
Replace Part C? Cap 0.1uF (0603) in D:\GitHub\Future\SmartCube\Altium\Smart_Cube.SchDoc with Cap 0.1uF (0603) from Karen_Components.IntLib
Replace Part C? Cap 10nF (0603) in D:\GitHub\Future\SmartCube\Altium\Smart_Cube.SchDoc with Cap 10nF (0603) from Karen_Components.IntLib
Replace Part C? Cap 10nF (0603) in D:\GitHub\Future\SmartCube\Altium\Smart_Cube.SchDoc with Cap 10nF (0603) from Karen_Components.IntLib
Replace Part D? Diode Schottky (SOD-123) in D:\GitHub\Future\SmartCube\Altium\Smart_Cube.SchDoc with Diode Schottky (SOD-123) from Karen_Components.IntLib
Replace Part D? Led Green in D:\GitHub\Future\SmartCube\Altium\Smart_Cube.SchDoc with Led Green from Karen_Components.IntLib
Replace Part D? Diode Schottky (SMA) in D:\GitHub\Future\SmartCube\Altium\Smart_Cube.SchDoc with Diode Schottky (SMA) from Karen_Components.IntLib
Replace Part D? Diode Schottky (SMA) in D:\GitHub\Future\SmartCube\Altium\Smart_Cube.SchDoc with Diode Schottky (SMA) from Karen_Components.IntLib
Replace Part D? Diode Schottky (SMA) in D:\GitHub\Future\SmartCube\Altium\Smart_Cube.SchDoc with Diode Schottky (SMA) from Karen_Components.IntLib
Replace Part D? Zener Diode 5.1V in D:\GitHub\Future\SmartCube\Altium\Smart_Cube.SchDoc with Zener Diode 5.1V from Karen_Components.IntLib
Replace Part D? Diode Schottky (SMA) in D:\GitHub\Future\SmartCube\Altium\Smart_Cube.SchDoc with Diode Schottky (SMA) from Karen_Components.IntLib
Replace Part J? Connector Coaxial Antenna in D:\GitHub\Future\SmartCube\Altium\Smart_Cube.SchDoc with Connector Coaxial Antenna from Karen_Components.IntLib
Replace Part L? Inductor 6.8uH (4.2A) in D:\GitHub\Future\SmartCube\Altium\Smart_Cube.SchDoc with Inductor 6.8uH (4.2A) from Karen_Components.IntLib
Replace Part L? Inductor 2nH in D:\GitHub\Future\SmartCube\Altium\Smart_Cube.SchDoc with Inductor 2nH from Karen_Components.IntLib
Replace Part L? Inductor 2nH in D:\GitHub\Future\SmartCube\Altium\Smart_Cube.SchDoc with Inductor 2nH from Karen_Components.IntLib
Replace Part Li-Po Header 2 in D:\GitHub\Future\SmartCube\Altium\Smart_Cube.SchDoc with Header 2 from Miscellaneous Connectors.IntLib
Replace Part P? Header 2 in D:\GitHub\Future\SmartCube\Altium\Smart_Cube.SchDoc with Header 2 from Miscellaneous Connectors.IntLib
Replace Part R? Res 51k (0603) in D:\GitHub\Future\SmartCube\Altium\Smart_Cube.SchDoc with Res 51k (0603) from Karen_Components.IntLib
Replace Part R? Res 43k (0603) in D:\GitHub\Future\SmartCube\Altium\Smart_Cube.SchDoc with Res 43k (0603) from Karen_Components.IntLib
Replace Part R? Res 15k (0603) in D:\GitHub\Future\SmartCube\Altium\Smart_Cube.SchDoc with Res 15k (0603) from Karen_Components.IntLib
Replace Part R? Res 2k (0603) in D:\GitHub\Future\SmartCube\Altium\Smart_Cube.SchDoc with Res 2k (0603) from Karen_Components.IntLib
Replace Part R? Res 510R (0603) in D:\GitHub\Future\SmartCube\Altium\Smart_Cube.SchDoc with Res 510R (0603) from Karen_Components.IntLib
Replace Part R? Res 20k (0603) in D:\GitHub\Future\SmartCube\Altium\Smart_Cube.SchDoc with Res 20k (0603) from Karen_Components.IntLib
Replace Part U? DC/DC Controller [LM2731] in D:\GitHub\Future\SmartCube\Altium\Smart_Cube.SchDoc with DC/DC Controller [LM2731] from Karen_Components.IntLib
Replace Part U? Charger [LTC] in D:\GitHub\Future\SmartCube\Altium\Smart_Cube.SchDoc with Charger [LTC] from Karen_Components.IntLib
Replace Part U? MEMs 9 Axis in D:\GitHub\Future\SmartCube\Altium\Smart_Cube.SchDoc with MEMs 9 Axis from Karen_Components.IntLib
Replace Part U? ESP32-D0WD in D:\GitHub\Future\SmartCube\Altium\Smart_Cube.SchDoc with ESP32-D0WD from Karen_Components.IntLib
Replace Part Y? Crystal 40MHz [ABM] in D:\GitHub\Future\SmartCube\Altium\Smart_Cube.SchDoc with Crystal 40MHz [ABM] from Karen_Components.IntLib
