Change Physical Footprint: Designator=B1 Old Footprint=BUTTON 4x3 New Footprint=BUTTON 4x3
Change Physical Footprint: Designator=C1 Old Footprint=0603 Capicator New Footprint=0603 Capicator
Change Physical Footprint: Designator=C2 Old Footprint=Bar Cap 4x5.4 New Footprint=Bar Cap 4x5.4
Change Physical Footprint: Designator=C3 Old Footprint=0603 Capicator New Footprint=0603 Capicator
Change Physical Footprint: Designator=C4 Old Footprint=0603 Capicator New Footprint=0603 Capicator
Change Physical Footprint: Designator=C5 Old Footprint=TANTAL_A_CASE New Footprint=TANTAL_A_CASE
Change Physical Footprint: Designator=C6 Old Footprint=0603 Capicator New Footprint=0603 Capicator
Change Physical Footprint: Designator=C7 Old Footprint=0603 Capicator New Footprint=0603 Capicator
Change Physical Footprint: Designator=C8 Old Footprint=0603 Capicator New Footprint=0603 Capicator
Change Physical Footprint: Designator=C9 Old Footprint=0603 Capicator New Footprint=0603 Capicator
Change Physical Footprint: Designator=C10 Old Footprint=0603 Capicator New Footprint=0603 Capicator
Change Physical Footprint: Designator=C11 Old Footprint=0603 Capicator New Footprint=0603 Capicator
Change Physical Footprint: Designator=C12 Old Footprint=0603 Capicator New Footprint=0603 Capicator
Change Physical Footprint: Designator=C13 Old Footprint=0603 Capicator New Footprint=0603 Capicator
Change Physical Footprint: Designator=C14 Old Footprint=0603 Capicator New Footprint=0603 Capicator
Change Physical Footprint: Designator=C15 Old Footprint=0603 Capicator New Footprint=0603 Capicator
Change Physical Footprint: Designator=C16 Old Footprint=0603 Capicator New Footprint=0603 Capicator
Change Physical Footprint: Designator=C17 Old Footprint=0603 Capicator New Footprint=0603 Capicator
Change Physical Footprint: Designator=C18 Old Footprint=0603 Capicator New Footprint=0603 Capicator
Change Physical Footprint: Designator=C19 Old Footprint=0603 Capicator New Footprint=0603 Capicator
Change Physical Footprint: Designator=C20 Old Footprint=0603 Capicator New Footprint=0603 Capicator
Change Physical Footprint: Designator=C21 Old Footprint=0603 Capicator New Footprint=0603 Capicator
Change Physical Footprint: Designator=C22 Old Footprint=0603 Capicator New Footprint=0603 Capicator
Change Physical Footprint: Designator=C23 Old Footprint=0603 Capicator New Footprint=0603 Capicator
Change Physical Footprint: Designator=C24 Old Footprint=0603 Capicator New Footprint=0603 Capicator
Change Physical Footprint: Designator=C25 Old Footprint=0603 Capicator New Footprint=0603 Capicator
Change Physical Footprint: Designator=Cf Old Footprint=0603 Capicator New Footprint=0603 Capicator
Change Physical Footprint: Designator=Charge Inductors Old Footprint=HDR1X7 New Footprint=HDR1X7
Change Physical Footprint: Designator=Cin Old Footprint=0603 Capicator New Footprint=0603 Capicator
Change Physical Footprint: Designator=D1 Old Footprint=sod-123 New Footprint=sod-123
Change Physical Footprint: Designator=D2 Old Footprint=sod-123 New Footprint=sod-123
Change Physical Footprint: Designator=D3 Old Footprint=sod-123 New Footprint=sod-123
Change Physical Footprint: Designator=D4 Old Footprint=sod-323 New Footprint=sod-323
Change Physical Footprint: Designator=D5 Old Footprint=sod-123 New Footprint=sod-123
Change Physical Footprint: Designator=D6 Old Footprint=sod-123 New Footprint=sod-123
Change Physical Footprint: Designator=D7 Old Footprint=sod-123 New Footprint=sod-123
Change Physical Footprint: Designator=D8 Old Footprint=0805 LED New Footprint=0805 LED
Change Physical Footprint: Designator=D9 Old Footprint=sod-123 New Footprint=sod-123
Change Physical Footprint: Designator=D10 Old Footprint=sod-123 New Footprint=sod-123
Change Physical Footprint: Designator=EspUART Old Footprint=HDR1X3 New Footprint=HDR1X3
Change Physical Footprint: Designator=J1 Old Footprint=FH12-40S Vertical New Footprint=FH12-40S Vertical
Change Physical Footprint: Designator=J2 Old Footprint=FH12-40S Vertical New Footprint=FH12-40S Vertical
Change Physical Footprint: Designator=J3 Old Footprint=FH12-40S Vertical New Footprint=FH12-40S Vertical
Change Physical Footprint: Designator=J4 Old Footprint=FH12-40S Vertical New Footprint=FH12-40S Vertical
Change Physical Footprint: Designator=J5 Old Footprint=FH12-40S Vertical New Footprint=FH12-40S Vertical
Change Physical Footprint: Designator=J6 Old Footprint=FH12-12S Vertical New Footprint=FH12-12S Vertical
Change Physical Footprint: Designator=JS1 Old Footprint=FH12-6s Vertical New Footprint=FH12-6s Vertical
Change Physical Footprint: Designator=JS2 Old Footprint=FH12-6s Vertical New Footprint=FH12-6s Vertical
Change Physical Footprint: Designator=JS3 Old Footprint=FH12-6s Vertical New Footprint=FH12-6s Vertical
Change Physical Footprint: Designator=JS4 Old Footprint=FH12-6s Vertical New Footprint=FH12-6s Vertical
Change Physical Footprint: Designator=JS5 Old Footprint=FH12-6s Vertical New Footprint=FH12-6s Vertical
Change Physical Footprint: Designator=L1 Old Footprint=SDR New Footprint=SDR
Change Physical Footprint: Designator=Li-Po Old Footprint=HDR1X2 New Footprint=HDR1X2
Change Physical Footprint: Designator=Power_But Old Footprint=HDR1X2 New Footprint=HDR1X2
Change Physical Footprint: Designator=Q1 Old Footprint=SOT-23 New Footprint=SOT-23
Change Physical Footprint: Designator=Q2 Old Footprint=SOT-23 New Footprint=SOT-23
Change Physical Footprint: Designator=Q3 Old Footprint=SOT-23 New Footprint=SOT-23
Change Physical Footprint: Designator=Q4 Old Footprint=SOT-23 New Footprint=SOT-23
Change Physical Footprint: Designator=Q5 Old Footprint=SOT-23 New Footprint=SOT-23
Change Physical Footprint: Designator=Q6 Old Footprint=SOT-23 New Footprint=SOT-23
Change Physical Footprint: Designator=R1 Old Footprint=0603 Resistor New Footprint=0603 Resistor
Change Physical Footprint: Designator=R2 Old Footprint=0603 Resistor New Footprint=0603 Resistor
Change Physical Footprint: Designator=R3 Old Footprint=0603 Resistor New Footprint=0603 Resistor
Change Physical Footprint: Designator=R4 Old Footprint=0603 Resistor New Footprint=0603 Resistor
Change Physical Footprint: Designator=R5 Old Footprint=0603 Resistor New Footprint=0603 Resistor
Change Physical Footprint: Designator=R6 Old Footprint=0603 Resistor New Footprint=0603 Resistor
Change Physical Footprint: Designator=R7 Old Footprint=0603 Resistor New Footprint=0603 Resistor
Change Physical Footprint: Designator=R8 Old Footprint=0603 Resistor New Footprint=0603 Resistor
Change Physical Footprint: Designator=R9 Old Footprint=0603 Resistor New Footprint=0603 Resistor
Change Physical Footprint: Designator=R10 Old Footprint=0603 Resistor New Footprint=0603 Resistor
Change Physical Footprint: Designator=R11 Old Footprint=0603 Resistor New Footprint=0603 Resistor
Change Physical Footprint: Designator=R12 Old Footprint=0603 Resistor New Footprint=0603 Resistor
Change Physical Footprint: Designator=R13 Old Footprint=0603 Resistor New Footprint=0603 Resistor
Change Physical Footprint: Designator=R14 Old Footprint=0603 Resistor New Footprint=0603 Resistor
Change Physical Footprint: Designator=R15 Old Footprint=0603 Resistor New Footprint=0603 Resistor
Change Physical Footprint: Designator=R16 Old Footprint=0603 Resistor New Footprint=0603 Resistor
Change Physical Footprint: Designator=R17 Old Footprint=0603 Resistor New Footprint=0603 Resistor
Change Physical Footprint: Designator=R18 Old Footprint=0603 Resistor New Footprint=0603 Resistor
Change Physical Footprint: Designator=R19 Old Footprint=0603 Resistor New Footprint=0603 Resistor
Change Physical Footprint: Designator=R20 Old Footprint=0603 Resistor New Footprint=0603 Resistor
Change Physical Footprint: Designator=R21 Old Footprint=0603 Resistor New Footprint=0603 Resistor
Change Physical Footprint: Designator=R22 Old Footprint=0603 Resistor New Footprint=0603 Resistor
Change Physical Footprint: Designator=RPI Old Footprint=PBD 2x20 New Footprint=PBD 2x20
Change Physical Footprint: Designator=SWD Old Footprint=HDR1X4 New Footprint=HDR1X4
Change Physical Footprint: Designator=U1 Old Footprint=SOT-23-5 New Footprint=SOT-23-5
Change Physical Footprint: Designator=U2 Old Footprint=SOT-23-5 New Footprint=SOT-23-5
Change Physical Footprint: Designator=U3 Old Footprint=SOT-23-5 New Footprint=SOT-23-5
Change Physical Footprint: Designator=U4 Old Footprint=LQFP48 New Footprint=LQFP48
Change Physical Footprint: Designator=U5 Old Footprint=ESP32-WROOM-32U New Footprint=ESP32-WROOM-32U
Change Physical Footprint: Designator=U6 Old Footprint=LGA 3.5x3x1 mm 24-lead New Footprint=LGA 3.5x3x1 mm 24-lead
Change Physical Footprint: Designator=U7 Old Footprint=SOT-223 New Footprint=SOT-223
Change Physical Footprint: Designator=Y1 Old Footprint=Crystal ABM New Footprint=Crystal ABM
