Replace Part B1 Button 2 Conn in D:\GitHub\Future\SmartCube\Altium\Smart_Cube.SchDoc with Button 2 Conn from Karen_Components.IntLib
Replace Part C1 Cap 2.2uF (0603) in D:\GitHub\Future\SmartCube\Altium\Smart_Cube.SchDoc with Cap 2.2uF (0603) from Karen_Components.IntLib
Replace Part C2 Cap Pol 4.7uF in D:\GitHub\Future\SmartCube\Altium\Smart_Cube.SchDoc with Cap Pol 4.7uF from Karen_Components.IntLib
Replace Part C3 Cap 10uF (0603) in D:\GitHub\Future\SmartCube\Altium\Smart_Cube.SchDoc with Cap 10uF (0603) from Karen_Components.IntLib
Replace Part C4 Cap 10uF (0603) in D:\GitHub\Future\SmartCube\Altium\Smart_Cube.SchDoc with Cap 10uF (0603) from Karen_Components.IntLib
Replace Part C5 Cap Tantal 10uF (SMDA) in D:\GitHub\Future\SmartCube\Altium\Smart_Cube.SchDoc with Cap Tantal 10uF (SMDA) from Karen_Components.IntLib
Replace Part C6 Cap 0.1uF (0603) in D:\GitHub\Future\SmartCube\Altium\Smart_Cube.SchDoc with Cap 0.1uF (0603) from Karen_Components.IntLib
Replace Part C7 Cap 0.1uF (0603) in D:\GitHub\Future\SmartCube\Altium\Smart_Cube.SchDoc with Cap 0.1uF (0603) from Karen_Components.IntLib
Replace Part C8 Cap 10uF (0603) in D:\GitHub\Future\SmartCube\Altium\Smart_Cube.SchDoc with Cap 10uF (0603) from Karen_Components.IntLib
Replace Part C9 Cap 0.1uF (0603) in D:\GitHub\Future\SmartCube\Altium\Smart_Cube.SchDoc with Cap 0.1uF (0603) from Karen_Components.IntLib
Replace Part C10 Cap 0.1uF (0603) in D:\GitHub\Future\SmartCube\Altium\Smart_Cube.SchDoc with Cap 0.1uF (0603) from Karen_Components.IntLib
Replace Part C11 Cap 10nF (0603) in D:\GitHub\Future\SmartCube\Altium\Smart_Cube.SchDoc with Cap 10nF (0603) from Karen_Components.IntLib
Replace Part C12 Cap 0.1uF (0603) in D:\GitHub\Future\SmartCube\Altium\Smart_Cube.SchDoc with Cap 0.1uF (0603) from Karen_Components.IntLib
Replace Part C13 Cap 10pF (0603) in D:\GitHub\Future\SmartCube\Altium\Smart_Cube.SchDoc with Cap 10pF (0603) from Karen_Components.IntLib
Replace Part C14 Cap 0.1uF (0603) in D:\GitHub\Future\SmartCube\Altium\Smart_Cube.SchDoc with Cap 0.1uF (0603) from Karen_Components.IntLib
Replace Part C15 Cap 10pF (0603) in D:\GitHub\Future\SmartCube\Altium\Smart_Cube.SchDoc with Cap 10pF (0603) from Karen_Components.IntLib
Replace Part C16 Cap 0.1uF (0603) in D:\GitHub\Future\SmartCube\Altium\Smart_Cube.SchDoc with Cap 0.1uF (0603) from Karen_Components.IntLib
Replace Part C17 Cap 0.1uF (0603) in D:\GitHub\Future\SmartCube\Altium\Smart_Cube.SchDoc with Cap 0.1uF (0603) from Karen_Components.IntLib
Replace Part C18 Cap 0.1uF (0603) in D:\GitHub\Future\SmartCube\Altium\Smart_Cube.SchDoc with Cap 0.1uF (0603) from Karen_Components.IntLib
Replace Part C19 Cap 4.7uF (0603) in D:\GitHub\Future\SmartCube\Altium\Smart_Cube.SchDoc with Cap 4.7uF (0603) from Karen_Components.IntLib
Replace Part C20 Cap 10uF (0603) in D:\GitHub\Future\SmartCube\Altium\Smart_Cube.SchDoc with Cap 10uF (0603) from Karen_Components.IntLib
Replace Part C21 Cap 10uF (0603) in D:\GitHub\Future\SmartCube\Altium\Smart_Cube.SchDoc with Cap 10uF (0603) from Karen_Components.IntLib
Replace Part C22 Cap 10uF (0603) in D:\GitHub\Future\SmartCube\Altium\Smart_Cube.SchDoc with Cap 10uF (0603) from Karen_Components.IntLib
Replace Part C23 Cap 10uF (0603) in D:\GitHub\Future\SmartCube\Altium\Smart_Cube.SchDoc with Cap 10uF (0603) from Karen_Components.IntLib
Replace Part C24 Cap 1uF (0603) in D:\GitHub\Future\SmartCube\Altium\Smart_Cube.SchDoc with Cap 1uF (0603) from Karen_Components.IntLib
Replace Part C25 Cap 0.1uF (0603) in D:\GitHub\Future\SmartCube\Altium\Smart_Cube.SchDoc with Cap 0.1uF (0603) from Karen_Components.IntLib
Replace Part Cf Cap 220pF (0603) in D:\GitHub\Future\SmartCube\Altium\Smart_Cube.SchDoc with Cap 220pF (0603) from Karen_Components.IntLib
Replace Part Charge Inductors Header 7 in D:\GitHub\Future\SmartCube\Altium\Smart_Cube.SchDoc with Header 7 from Miscellaneous Connectors.IntLib
Replace Part Cin Cap 10uF (0603) in D:\GitHub\Future\SmartCube\Altium\Smart_Cube.SchDoc with Cap 10uF (0603) from Karen_Components.IntLib
Replace Part D1 Diode Schottky (SOD-123) in D:\GitHub\Future\SmartCube\Altium\Smart_Cube.SchDoc with Diode Schottky (SOD-123) from Karen_Components.IntLib
Replace Part D2 Diode Schottky (SOD-123) in D:\GitHub\Future\SmartCube\Altium\Smart_Cube.SchDoc with Diode Schottky (SOD-123) from Karen_Components.IntLib
Replace Part D3 Diode Schottky (SOD-123) in D:\GitHub\Future\SmartCube\Altium\Smart_Cube.SchDoc with Diode Schottky (SOD-123) from Karen_Components.IntLib
Replace Part D4 Zener Diode 5.1V in D:\GitHub\Future\SmartCube\Altium\Smart_Cube.SchDoc with Zener Diode 5.1V from Karen_Components.IntLib
Replace Part D5 Diode Schottky (SOD-123) in D:\GitHub\Future\SmartCube\Altium\Smart_Cube.SchDoc with Diode Schottky (SOD-123) from Karen_Components.IntLib
Replace Part D6 Diode Schottky (SOD-123) in D:\GitHub\Future\SmartCube\Altium\Smart_Cube.SchDoc with Diode Schottky (SOD-123) from Karen_Components.IntLib
Replace Part D7 Diode Schottky (SOD-123) in D:\GitHub\Future\SmartCube\Altium\Smart_Cube.SchDoc with Diode Schottky (SOD-123) from Karen_Components.IntLib
Replace Part D8 Led Green in D:\GitHub\Future\SmartCube\Altium\Smart_Cube.SchDoc with Led Green from Karen_Components.IntLib
Replace Part D9 Diode Schottky (SOD-123) in D:\GitHub\Future\SmartCube\Altium\Smart_Cube.SchDoc with Diode Schottky (SOD-123) from Karen_Components.IntLib
Replace Part D10 Diode Schottky (SOD-123) in D:\GitHub\Future\SmartCube\Altium\Smart_Cube.SchDoc with Diode Schottky (SOD-123) from Karen_Components.IntLib
Replace Part EspUART Header 3 in D:\GitHub\Future\SmartCube\Altium\Smart_Cube.SchDoc with Header 3 from Miscellaneous Connectors.IntLib
Replace Part J1 Conn40x1 (FH12 Vertical) in D:\GitHub\Future\SmartCube\Altium\Smart_Cube.SchDoc with Conn40x1 (FH12 Vertical) from Karen_Components.IntLib
Replace Part J2 Conn40x1 (FH12 Vertical) in D:\GitHub\Future\SmartCube\Altium\Smart_Cube.SchDoc with Conn40x1 (FH12 Vertical) from Karen_Components.IntLib
Replace Part J3 Conn40x1 (FH12 Vertical) in D:\GitHub\Future\SmartCube\Altium\Smart_Cube.SchDoc with Conn40x1 (FH12 Vertical) from Karen_Components.IntLib
Replace Part J4 Conn40x1 (FH12 Vertical) in D:\GitHub\Future\SmartCube\Altium\Smart_Cube.SchDoc with Conn40x1 (FH12 Vertical) from Karen_Components.IntLib
Replace Part J5 Conn40x1 (FH12 Vertical) in D:\GitHub\Future\SmartCube\Altium\Smart_Cube.SchDoc with Conn40x1 (FH12 Vertical) from Karen_Components.IntLib
Replace Part J6 Conn12x1 (FH12 Vertical) in D:\GitHub\Future\SmartCube\Altium\Smart_Cube.SchDoc with Conn12x1 (FH12 Vertical) from Karen_Components.IntLib
Replace Part JS1 Conn6x1 (FH12 Vertical) in D:\GitHub\Future\SmartCube\Altium\Smart_Cube.SchDoc with Conn6x1 (FH12 Vertical) from Karen_Components.IntLib
Replace Part JS2 Conn6x1 (FH12 Vertical) in D:\GitHub\Future\SmartCube\Altium\Smart_Cube.SchDoc with Conn6x1 (FH12 Vertical) from Karen_Components.IntLib
Replace Part JS3 Conn6x1 (FH12 Vertical) in D:\GitHub\Future\SmartCube\Altium\Smart_Cube.SchDoc with Conn6x1 (FH12 Vertical) from Karen_Components.IntLib
Replace Part JS4 Conn6x1 (FH12 Vertical) in D:\GitHub\Future\SmartCube\Altium\Smart_Cube.SchDoc with Conn6x1 (FH12 Vertical) from Karen_Components.IntLib
Replace Part JS5 Conn6x1 (FH12 Vertical) in D:\GitHub\Future\SmartCube\Altium\Smart_Cube.SchDoc with Conn6x1 (FH12 Vertical) from Karen_Components.IntLib
Replace Part L1 Inductor 10uH (1.5A) in D:\GitHub\Future\SmartCube\Altium\Smart_Cube.SchDoc with Inductor 10uH (1.5A) from Karen_Components.IntLib
Replace Part Li-Po Header 2 in D:\GitHub\Future\SmartCube\Altium\Smart_Cube.SchDoc with Header 2 from Miscellaneous Connectors.IntLib
Replace Part Power_But Header 2 in D:\GitHub\Future\SmartCube\Altium\Smart_Cube.SchDoc with Header 2 from Miscellaneous Connectors.IntLib
Replace Part Q1 NPN [BC817] in D:\GitHub\Future\SmartCube\Altium\Smart_Cube.SchDoc with NPN [BC817] from Karen_Components.IntLib
Replace Part Q2 NPN [BC817] in D:\GitHub\Future\SmartCube\Altium\Smart_Cube.SchDoc with NPN [BC817] from Karen_Components.IntLib
Replace Part Q3 NPN [BC817] in D:\GitHub\Future\SmartCube\Altium\Smart_Cube.SchDoc with NPN [BC817] from Karen_Components.IntLib
Replace Part Q4 NPN [BC817] in D:\GitHub\Future\SmartCube\Altium\Smart_Cube.SchDoc with NPN [BC817] from Karen_Components.IntLib
Replace Part Q5 NPN [BC817] in D:\GitHub\Future\SmartCube\Altium\Smart_Cube.SchDoc with NPN [BC817] from Karen_Components.IntLib
Replace Part Q6 NPN [BC817] in D:\GitHub\Future\SmartCube\Altium\Smart_Cube.SchDoc with NPN [BC817] from Karen_Components.IntLib
Replace Part R1 Res 120k (0603) in D:\GitHub\Future\SmartCube\Altium\Smart_Cube.SchDoc with Res 120k (0603) from Karen_Components.IntLib
Replace Part R2 Res 15k (0603) in D:\GitHub\Future\SmartCube\Altium\Smart_Cube.SchDoc with Res 15k (0603) from Karen_Components.IntLib
Replace Part R3 Res 10k (0603) in D:\GitHub\Future\SmartCube\Altium\Smart_Cube.SchDoc with Res 10k (0603) from Karen_Components.IntLib
Replace Part R4 Res 1k (0603) in D:\GitHub\Future\SmartCube\Altium\Smart_Cube.SchDoc with Res 1k (0603) from Karen_Components.IntLib
Replace Part R5 Res 1k (0603) in D:\GitHub\Future\SmartCube\Altium\Smart_Cube.SchDoc with Res 1k (0603) from Karen_Components.IntLib
Replace Part R6 Res 510R (0603) in D:\GitHub\Future\SmartCube\Altium\Smart_Cube.SchDoc with Res 510R (0603) from Karen_Components.IntLib
Replace Part R7 Res 10k (0603) in D:\GitHub\Future\SmartCube\Altium\Smart_Cube.SchDoc with Res 10k (0603) from Karen_Components.IntLib
Replace Part R8 Res 2k (0603) in D:\GitHub\Future\SmartCube\Altium\Smart_Cube.SchDoc with Res 2k (0603) from Karen_Components.IntLib
Replace Part R9 Res 30R (0603) in D:\GitHub\Future\SmartCube\Altium\Smart_Cube.SchDoc with Res 30R (0603) from Karen_Components.IntLib
Replace Part R10 Res 30R (0603) in D:\GitHub\Future\SmartCube\Altium\Smart_Cube.SchDoc with Res 30R (0603) from Karen_Components.IntLib
Replace Part R11 Res 1k (0603) in D:\GitHub\Future\SmartCube\Altium\Smart_Cube.SchDoc with Res 1k (0603) from Karen_Components.IntLib
Replace Part R12 Res 1k (0603) in D:\GitHub\Future\SmartCube\Altium\Smart_Cube.SchDoc with Res 1k (0603) from Karen_Components.IntLib
Replace Part R13 Res 30R (0603) in D:\GitHub\Future\SmartCube\Altium\Smart_Cube.SchDoc with Res 30R (0603) from Karen_Components.IntLib
Replace Part R14 Res 30R (0603) in D:\GitHub\Future\SmartCube\Altium\Smart_Cube.SchDoc with Res 30R (0603) from Karen_Components.IntLib
Replace Part R15 Res 1k (0603) in D:\GitHub\Future\SmartCube\Altium\Smart_Cube.SchDoc with Res 1k (0603) from Karen_Components.IntLib
Replace Part R16 Res 1k (0603) in D:\GitHub\Future\SmartCube\Altium\Smart_Cube.SchDoc with Res 1k (0603) from Karen_Components.IntLib
Replace Part R17 Res 30R (0603) in D:\GitHub\Future\SmartCube\Altium\Smart_Cube.SchDoc with Res 30R (0603) from Karen_Components.IntLib
Replace Part R18 Res 30R (0603) in D:\GitHub\Future\SmartCube\Altium\Smart_Cube.SchDoc with Res 30R (0603) from Karen_Components.IntLib
Replace Part R19 Res 1k (0603) in D:\GitHub\Future\SmartCube\Altium\Smart_Cube.SchDoc with Res 1k (0603) from Karen_Components.IntLib
Replace Part R20 Res 1k (0603) in D:\GitHub\Future\SmartCube\Altium\Smart_Cube.SchDoc with Res 1k (0603) from Karen_Components.IntLib
Replace Part R21 Res 3.9k (0603) in D:\GitHub\Future\SmartCube\Altium\Smart_Cube.SchDoc with Res 3.9k (0603) from Karen_Components.IntLib
Replace Part R22 Res 10k (0603) in D:\GitHub\Future\SmartCube\Altium\Smart_Cube.SchDoc with Res 10k (0603) from Karen_Components.IntLib
Replace Part RPI Conn20x2 (PBD) in D:\GitHub\Future\SmartCube\Altium\Smart_Cube.SchDoc with Conn20x2 (PBD) from Karen_Components.IntLib
Replace Part SWD Header 4 in D:\GitHub\Future\SmartCube\Altium\Smart_Cube.SchDoc with Header 4 from Miscellaneous Connectors.IntLib
Replace Part U1 LDO 3.3V [LM] in D:\GitHub\Future\SmartCube\Altium\Smart_Cube.SchDoc with LDO 3.3V [LM] from Karen_Components.IntLib
Replace Part U2 DC/DC Controller [LM2731] in D:\GitHub\Future\SmartCube\Altium\Smart_Cube.SchDoc with DC/DC Controller [LM2731] from Karen_Components.IntLib
Replace Part U3 Charger [LTC] in D:\GitHub\Future\SmartCube\Altium\Smart_Cube.SchDoc with Charger [LTC] from Karen_Components.IntLib
Replace Part U4 STM32F042C6T6 in D:\GitHub\Future\SmartCube\Altium\Smart_Cube.SchDoc with STM32F042C6T6 from Karen_Components.IntLib
Replace Part U5 ESP32-WROOM (D0WD) in D:\GitHub\Future\SmartCube\Altium\Smart_Cube.SchDoc with ESP32-WROOM (D0WD) from Karen_Components.IntLib
Replace Part U6 MEMs 9 Axis in D:\GitHub\Future\SmartCube\Altium\Smart_Cube.SchDoc with MEMs 9 Axis from Karen_Components.IntLib
Replace Part U7 LDO 5V [LM] in D:\GitHub\Future\SmartCube\Altium\Smart_Cube.SchDoc with LDO 5V [LM] from Karen_Components.IntLib
Replace Part Y1 Crystal 8MHz [ABM] in D:\GitHub\Future\SmartCube\Altium\Smart_Cube.SchDoc with Crystal 8MHz [ABM] from Karen_Components.IntLib
