Change Component Footprint: Designator=J1 Old Footprint=FH12-40S New Footprint=FH12-40S Vertical
Change Component Footprint: Designator=J2 Old Footprint=FH12-40S New Footprint=FH12-40S Vertical
Change Component Footprint: Designator=J3 Old Footprint=FH12-40S New Footprint=FH12-40S Vertical
Change Component Footprint: Designator=J4 Old Footprint=FH12-40S New Footprint=FH12-40S Vertical
Change Component Footprint: Designator=J5 Old Footprint=FH12-40S New Footprint=FH12-40S Vertical
Change component parameters: Designator = "J1" ("J1"); Footprint = "FH12-40S"; UniqueID = "\ECQMSNKI" ("\ECQMSNKI")
Change component parameters (AddParameter): Name = "ComponentLink1Description"; Value = "Chip&Dip"; VariantName = "[No Variations]"
Change component parameters (AddParameter): Name = "ComponentLink1URL"; Value = "https://www.chipdip.ru/product1/8002082143"; VariantName = "[No Variations]"
Change component parameters (AddParameter): Name = "Manufacturer"; Value = "Hirose Electric"; VariantName = "[No Variations]"
Change component parameters (AddParameter): Name = "Part Number"; Value = "FH12-40S-0.5SVA(54)"; VariantName = "[No Variations]"
Change component parameters (AddParameter): Name = "Type"; Value = "Connector"; VariantName = "[No Variations]"
Change component parameters: Designator = "J2" ("J2"); Footprint = "FH12-40S"; UniqueID = "\CROZYDRV" ("\CROZYDRV")
Change component parameters (AddParameter): Name = "ComponentLink1Description"; Value = "Chip&Dip"; VariantName = "[No Variations]"
Change component parameters (AddParameter): Name = "ComponentLink1URL"; Value = "https://www.chipdip.ru/product1/8002082143"; VariantName = "[No Variations]"
Change component parameters (AddParameter): Name = "Manufacturer"; Value = "Hirose Electric"; VariantName = "[No Variations]"
Change component parameters (AddParameter): Name = "Part Number"; Value = "FH12-40S-0.5SVA(54)"; VariantName = "[No Variations]"
Change component parameters (AddParameter): Name = "Type"; Value = "Connector"; VariantName = "[No Variations]"
Change component parameters: Designator = "J3" ("J3"); Footprint = "FH12-40S"; UniqueID = "\ELCLYLAX" ("\ELCLYLAX")
Change component parameters (AddParameter): Name = "ComponentLink1Description"; Value = "Chip&Dip"; VariantName = "[No Variations]"
Change component parameters (AddParameter): Name = "ComponentLink1URL"; Value = "https://www.chipdip.ru/product1/8002082143"; VariantName = "[No Variations]"
Change component parameters (AddParameter): Name = "Manufacturer"; Value = "Hirose Electric"; VariantName = "[No Variations]"
Change component parameters (AddParameter): Name = "Part Number"; Value = "FH12-40S-0.5SVA(54)"; VariantName = "[No Variations]"
Change component parameters (AddParameter): Name = "Type"; Value = "Connector"; VariantName = "[No Variations]"
Change component parameters: Designator = "J4" ("J4"); Footprint = "FH12-40S"; UniqueID = "\BLKWCSAG" ("\BLKWCSAG")
Change component parameters (AddParameter): Name = "ComponentLink1Description"; Value = "Chip&Dip"; VariantName = "[No Variations]"
Change component parameters (AddParameter): Name = "ComponentLink1URL"; Value = "https://www.chipdip.ru/product1/8002082143"; VariantName = "[No Variations]"
Change component parameters (AddParameter): Name = "Manufacturer"; Value = "Hirose Electric"; VariantName = "[No Variations]"
Change component parameters (AddParameter): Name = "Part Number"; Value = "FH12-40S-0.5SVA(54)"; VariantName = "[No Variations]"
Change component parameters (AddParameter): Name = "Type"; Value = "Connector"; VariantName = "[No Variations]"
Change component parameters: Designator = "J5" ("J5"); Footprint = "FH12-40S"; UniqueID = "\HQTIQIBQ" ("\HQTIQIBQ")
Change component parameters (AddParameter): Name = "ComponentLink1Description"; Value = "Chip&Dip"; VariantName = "[No Variations]"
Change component parameters (AddParameter): Name = "ComponentLink1URL"; Value = "https://www.chipdip.ru/product1/8002082143"; VariantName = "[No Variations]"
Change component parameters (AddParameter): Name = "Manufacturer"; Value = "Hirose Electric"; VariantName = "[No Variations]"
Change component parameters (AddParameter): Name = "Part Number"; Value = "FH12-40S-0.5SVA(54)"; VariantName = "[No Variations]"
Change component parameters (AddParameter): Name = "Type"; Value = "Connector"; VariantName = "[No Variations]"
