Replace Part C1 Cap 2.2uF (0603) in D:\GitHub\Future\SmartCube\Altium\Smart_Cube.SchDoc with Cap 2.2uF (0603) from Karen_Components.IntLib
Replace Part C2 Cap Pol 4.7uF in D:\GitHub\Future\SmartCube\Altium\Smart_Cube.SchDoc with Cap Pol 4.7uF from Karen_Components.IntLib
Replace Part C? Cap 0.1uF (0603) in D:\GitHub\Future\SmartCube\Altium\Smart_Cube.SchDoc with Cap 0.1uF (0603) from Karen_Components.IntLib
Replace Part C? Cap 10uF (0603) in D:\GitHub\Future\SmartCube\Altium\Smart_Cube.SchDoc with Cap 10uF (0603) from Karen_Components.IntLib
Replace Part C? Cap 10uF (0603) in D:\GitHub\Future\SmartCube\Altium\Smart_Cube.SchDoc with Cap 10uF (0603) from Karen_Components.IntLib
Replace Part C? Cap 0.1uF (0603) in D:\GitHub\Future\SmartCube\Altium\Smart_Cube.SchDoc with Cap 0.1uF (0603) from Karen_Components.IntLib
Replace Part C? Cap 0.1uF (0603) in D:\GitHub\Future\SmartCube\Altium\Smart_Cube.SchDoc with Cap 0.1uF (0603) from Karen_Components.IntLib
Replace Part C? Cap 10uF (0603) in D:\GitHub\Future\SmartCube\Altium\Smart_Cube.SchDoc with Cap 10uF (0603) from Karen_Components.IntLib
Replace Part C? Cap 10nF (0603) in D:\GitHub\Future\SmartCube\Altium\Smart_Cube.SchDoc with Cap 10nF (0603) from Karen_Components.IntLib
Replace Part C? Cap 0.1uF (0603) in D:\GitHub\Future\SmartCube\Altium\Smart_Cube.SchDoc with Cap 0.1uF (0603) from Karen_Components.IntLib
Replace Part C? Cap Tantal 10uF (SMDA) in D:\GitHub\Future\SmartCube\Altium\Smart_Cube.SchDoc with Cap Tantal 10uF (SMDA) from Karen_Components.IntLib
Replace Part C? Cap 0.1uF (0603) in D:\GitHub\Future\SmartCube\Altium\Smart_Cube.SchDoc with Cap 0.1uF (0603) from Karen_Components.IntLib
Replace Part Cf Cap 220pF (0603) in D:\GitHub\Future\SmartCube\Altium\Smart_Cube.SchDoc with Cap 220pF (0603) from Karen_Components.IntLib
Replace Part Charge Inductors Header 7 in D:\GitHub\Future\SmartCube\Altium\Smart_Cube.SchDoc with Header 7 from Miscellaneous Connectors.IntLib
Replace Part Cin Cap 10uF (0603) in D:\GitHub\Future\SmartCube\Altium\Smart_Cube.SchDoc with Cap 10uF (0603) from Karen_Components.IntLib
Replace Part D? Diode Schottky (SOD-123) in D:\GitHub\Future\SmartCube\Altium\Smart_Cube.SchDoc with Diode Schottky (SOD-123) from Karen_Components.IntLib
Replace Part D? Diode Schottky (SOD-123) in D:\GitHub\Future\SmartCube\Altium\Smart_Cube.SchDoc with Diode Schottky (SOD-123) from Karen_Components.IntLib
Replace Part D? Diode Schottky (SOD-123) in D:\GitHub\Future\SmartCube\Altium\Smart_Cube.SchDoc with Diode Schottky (SOD-123) from Karen_Components.IntLib
Replace Part D? Zener Diode 5.1V in D:\GitHub\Future\SmartCube\Altium\Smart_Cube.SchDoc with Zener Diode 5.1V from Karen_Components.IntLib
Replace Part D? Diode Schottky (SOD-123) in D:\GitHub\Future\SmartCube\Altium\Smart_Cube.SchDoc with Diode Schottky (SOD-123) from Karen_Components.IntLib
Replace Part D? Diode Schottky (SOD-123) in D:\GitHub\Future\SmartCube\Altium\Smart_Cube.SchDoc with Diode Schottky (SOD-123) from Karen_Components.IntLib
Replace Part D? Diode Schottky (SOD-123) in D:\GitHub\Future\SmartCube\Altium\Smart_Cube.SchDoc with Diode Schottky (SOD-123) from Karen_Components.IntLib
Replace Part D? Diode Schottky (SOD-123) in D:\GitHub\Future\SmartCube\Altium\Smart_Cube.SchDoc with Diode Schottky (SOD-123) from Karen_Components.IntLib
Replace Part D? Led Green in D:\GitHub\Future\SmartCube\Altium\Smart_Cube.SchDoc with Led Green from Karen_Components.IntLib
Replace Part D? Diode Schottky (SOD-123) in D:\GitHub\Future\SmartCube\Altium\Smart_Cube.SchDoc with Diode Schottky (SOD-123) from Karen_Components.IntLib
Replace Part J1 Conn40x1 (FH12) in D:\GitHub\Future\SmartCube\Altium\Smart_Cube.SchDoc with Conn40x1 (FH12) from Karen_Components.IntLib
Replace Part J2 Conn40x1 (FH12) in D:\GitHub\Future\SmartCube\Altium\Smart_Cube.SchDoc with Conn40x1 (FH12) from Karen_Components.IntLib
Replace Part J3 Conn40x1 (FH12) in D:\GitHub\Future\SmartCube\Altium\Smart_Cube.SchDoc with Conn40x1 (FH12) from Karen_Components.IntLib
Replace Part J4 Conn40x1 (FH12) in D:\GitHub\Future\SmartCube\Altium\Smart_Cube.SchDoc with Conn40x1 (FH12) from Karen_Components.IntLib
Replace Part J5 Conn40x1 (FH12) in D:\GitHub\Future\SmartCube\Altium\Smart_Cube.SchDoc with Conn40x1 (FH12) from Karen_Components.IntLib
Replace Part JS1 Conn6x1 (FH12) in D:\GitHub\Future\SmartCube\Altium\Smart_Cube.SchDoc with Conn6x1 (FH12) from Karen_Components.IntLib
Replace Part JS2 Conn6x1 (FH12) in D:\GitHub\Future\SmartCube\Altium\Smart_Cube.SchDoc with Conn6x1 (FH12) from Karen_Components.IntLib
Replace Part JS3 Conn6x1 (FH12) in D:\GitHub\Future\SmartCube\Altium\Smart_Cube.SchDoc with Conn6x1 (FH12) from Karen_Components.IntLib
Replace Part JS4 Conn6x1 (FH12) in D:\GitHub\Future\SmartCube\Altium\Smart_Cube.SchDoc with Conn6x1 (FH12) from Karen_Components.IntLib
Replace Part JS5 Conn6x1 (FH12) in D:\GitHub\Future\SmartCube\Altium\Smart_Cube.SchDoc with Conn6x1 (FH12) from Karen_Components.IntLib
Replace Part L? Inductor 10uH (1.5A) in D:\GitHub\Future\SmartCube\Altium\Smart_Cube.SchDoc with Inductor 10uH (1.5A) from Karen_Components.IntLib
Replace Part Li-Po Header 2 in D:\GitHub\Future\SmartCube\Altium\Smart_Cube.SchDoc with Header 2 from Miscellaneous Connectors.IntLib
Replace Part Power_But Header 2 in D:\GitHub\Future\SmartCube\Altium\Smart_Cube.SchDoc with Header 2 from Miscellaneous Connectors.IntLib
Replace Part Q? NPN [BC817] in D:\GitHub\Future\SmartCube\Altium\Smart_Cube.SchDoc with NPN [BC817] from Karen_Components.IntLib
Replace Part Q? NPN [BC817] in D:\GitHub\Future\SmartCube\Altium\Smart_Cube.SchDoc with NPN [BC817] from Karen_Components.IntLib
Replace Part Q? NPN [BC817] in D:\GitHub\Future\SmartCube\Altium\Smart_Cube.SchDoc with NPN [BC817] from Karen_Components.IntLib
Replace Part Q? NPN [BC817] in D:\GitHub\Future\SmartCube\Altium\Smart_Cube.SchDoc with NPN [BC817] from Karen_Components.IntLib
Replace Part Q? NPN [BC817] in D:\GitHub\Future\SmartCube\Altium\Smart_Cube.SchDoc with NPN [BC817] from Karen_Components.IntLib
Replace Part Q? NPN [BC817] in D:\GitHub\Future\SmartCube\Altium\Smart_Cube.SchDoc with NPN [BC817] from Karen_Components.IntLib
Replace Part R1 Res 120k (0603) in D:\GitHub\Future\SmartCube\Altium\Smart_Cube.SchDoc with Res 120k (0603) from Karen_Components.IntLib
Replace Part R2 Res 15k (0603) in D:\GitHub\Future\SmartCube\Altium\Smart_Cube.SchDoc with Res 15k (0603) from Karen_Components.IntLib
Replace Part R? Res 1k (0603) in D:\GitHub\Future\SmartCube\Altium\Smart_Cube.SchDoc with Res 1k (0603) from Karen_Components.IntLib
Replace Part R? Res 30R (0603) in D:\GitHub\Future\SmartCube\Altium\Smart_Cube.SchDoc with Res 30R (0603) from Karen_Components.IntLib
Replace Part R? Res 30R (0603) in D:\GitHub\Future\SmartCube\Altium\Smart_Cube.SchDoc with Res 30R (0603) from Karen_Components.IntLib
Replace Part R? Res 1k (0603) in D:\GitHub\Future\SmartCube\Altium\Smart_Cube.SchDoc with Res 1k (0603) from Karen_Components.IntLib
Replace Part R? Res 30R (0603) in D:\GitHub\Future\SmartCube\Altium\Smart_Cube.SchDoc with Res 30R (0603) from Karen_Components.IntLib
Replace Part R? Res 1k (0603) in D:\GitHub\Future\SmartCube\Altium\Smart_Cube.SchDoc with Res 1k (0603) from Karen_Components.IntLib
Replace Part R? Res 1k (0603) in D:\GitHub\Future\SmartCube\Altium\Smart_Cube.SchDoc with Res 1k (0603) from Karen_Components.IntLib
Replace Part R? Res 30R (0603) in D:\GitHub\Future\SmartCube\Altium\Smart_Cube.SchDoc with Res 30R (0603) from Karen_Components.IntLib
Replace Part R? Res 1k (0603) in D:\GitHub\Future\SmartCube\Altium\Smart_Cube.SchDoc with Res 1k (0603) from Karen_Components.IntLib
Replace Part R? Res 1k (0603) in D:\GitHub\Future\SmartCube\Altium\Smart_Cube.SchDoc with Res 1k (0603) from Karen_Components.IntLib
Replace Part R? Res 30R (0603) in D:\GitHub\Future\SmartCube\Altium\Smart_Cube.SchDoc with Res 30R (0603) from Karen_Components.IntLib
Replace Part R? Res 10k (0603) in D:\GitHub\Future\SmartCube\Altium\Smart_Cube.SchDoc with Res 10k (0603) from Karen_Components.IntLib
Replace Part R? Res 1k (0603) in D:\GitHub\Future\SmartCube\Altium\Smart_Cube.SchDoc with Res 1k (0603) from Karen_Components.IntLib
Replace Part R? Res 10k (0603) in D:\GitHub\Future\SmartCube\Altium\Smart_Cube.SchDoc with Res 10k (0603) from Karen_Components.IntLib
Replace Part R? Res 30R (0603) in D:\GitHub\Future\SmartCube\Altium\Smart_Cube.SchDoc with Res 30R (0603) from Karen_Components.IntLib
Replace Part R? Res 2k (0603) in D:\GitHub\Future\SmartCube\Altium\Smart_Cube.SchDoc with Res 2k (0603) from Karen_Components.IntLib
Replace Part R? Res 510R (0603) in D:\GitHub\Future\SmartCube\Altium\Smart_Cube.SchDoc with Res 510R (0603) from Karen_Components.IntLib
Replace Part R? Res 1k (0603) in D:\GitHub\Future\SmartCube\Altium\Smart_Cube.SchDoc with Res 1k (0603) from Karen_Components.IntLib
Replace Part U? LDO 3.3V [LM] in D:\GitHub\Future\SmartCube\Altium\Smart_Cube.SchDoc with LDO 3.3V [LM] from Karen_Components.IntLib
Replace Part U? Charger [LTC] in D:\GitHub\Future\SmartCube\Altium\Smart_Cube.SchDoc with Charger [LTC] from Karen_Components.IntLib
Replace Part U? ESP32-WROOM (D0WD) in D:\GitHub\Future\SmartCube\Altium\Smart_Cube.SchDoc with ESP32-WROOM (D0WD) from Karen_Components.IntLib
Replace Part U? MEMs 9 Axis in D:\GitHub\Future\SmartCube\Altium\Smart_Cube.SchDoc with MEMs 9 Axis from Karen_Components.IntLib
Replace Part U? DC/DC Controller [LM2731] in D:\GitHub\Future\SmartCube\Altium\Smart_Cube.SchDoc with DC/DC Controller [LM2731] from Karen_Components.IntLib
