Removed Pin From Net: NetName=GND Pin=Q1-2
Removed Pin From Net: NetName=GND Pin=Q2-2
Removed Pin From Net: NetName=GND Pin=Q3-2
Removed Pin From Net: NetName=GND Pin=Q4-2
Removed Pin From Net: NetName=GND Pin=Q5-2
Removed Pin From Net: NetName=GND Pin=Q6-2
Removed Pin From Net: NetName=NetJ1_1 Pin=R9-2
Removed Pin From Net: NetName=NetJ2_1 Pin=R10-2
Removed Pin From Net: NetName=LCD_LED_PWM1 Pin=R11-1
Removed Pin From Net: NetName=NetQ1_1 Pin=R11-2
Removed Pin From Net: NetName=LCD_LED_PWM2 Pin=R12-1
Removed Pin From Net: NetName=NetQ2_1 Pin=R12-2
Removed Pin From Net: NetName=NetJ3_1 Pin=R13-2
Removed Pin From Net: NetName=NetJ4_1 Pin=R14-2
Removed Pin From Net: NetName=LCD_LED_PWM3 Pin=R15-1
Removed Pin From Net: NetName=NetQ3_1 Pin=R15-2
Removed Pin From Net: NetName=LCD_LED_PWM4 Pin=R16-1
Removed Pin From Net: NetName=NetQ4_1 Pin=R16-2
Removed Pin From Net: NetName=NetJ5_1 Pin=R17-2
Removed Pin From Net: NetName=NetJ6_1 Pin=R18-2
Removed Pin From Net: NetName=LCD_LED_PWM5 Pin=R19-1
Removed Pin From Net: NetName=NetQ5_1 Pin=R19-2
Removed Pin From Net: NetName=LCD_LED_PWM6 Pin=R20-1
Removed Pin From Net: NetName=NetQ6_1 Pin=R20-2
Change Component Comment : Designator=R11 Old Comment=1k New Comment=75R
Change Component Comment : Designator=R12 Old Comment=1k New Comment=75R
Change Component Comment : Designator=R15 Old Comment=1k New Comment=75R
Change Component Comment : Designator=R16 Old Comment=1k New Comment=75R
Change Component Comment : Designator=R19 Old Comment=1k New Comment=75R
Change Component Comment : Designator=R20 Old Comment=1k New Comment=75R
Change Component Comment : Designator=R9 Old Comment=30R New Comment=510R
Change Component Comment : Designator=R10 Old Comment=30R New Comment=510R
Change Component Comment : Designator=R13 Old Comment=30R New Comment=510R
Change Component Comment : Designator=R14 Old Comment=30R New Comment=510R
Change Component Comment : Designator=R17 Old Comment=30R New Comment=510R
Change Component Comment : Designator=R18 Old Comment=30R New Comment=510R
Change component parameters: Designator = "R9" ("R9"); Footprint = "0603 Resistor"; UniqueID = "\BIEDNIMU" ("\BIEDNIMU")
Change component parameters (AddParameter): Name = "ComponentLink1Description"; Value = "Chip&Dip"; VariantName = "[No Variations]"
Change component parameters (AddParameter): Name = "ComponentLink1URL"; Value = "https://www.chipdip.ru/product0/9000079669"; VariantName = "[No Variations]"
Change component parameters (AddParameter): Name = "Manufacturer"; Value = "Taiwan"; VariantName = "[No Variations]"
Change component parameters (AddParameter): Name = "Part Number"; Value = "RC0603FR-07510RL"; VariantName = "[No Variations]"
Change component parameters (AddParameter): Name = "Type"; Value = "Resistor"; VariantName = "[No Variations]"
Change component parameters: Designator = "R10" ("R10"); Footprint = "0603 Resistor"; UniqueID = "\ZPMUFJUD" ("\ZPMUFJUD")
Change component parameters (AddParameter): Name = "ComponentLink1Description"; Value = "Chip&Dip"; VariantName = "[No Variations]"
Change component parameters (AddParameter): Name = "ComponentLink1URL"; Value = "https://www.chipdip.ru/product0/9000079669"; VariantName = "[No Variations]"
Change component parameters (AddParameter): Name = "Manufacturer"; Value = "Taiwan"; VariantName = "[No Variations]"
Change component parameters (AddParameter): Name = "Part Number"; Value = "RC0603FR-07510RL"; VariantName = "[No Variations]"
Change component parameters (AddParameter): Name = "Type"; Value = "Resistor"; VariantName = "[No Variations]"
Change component parameters: Designator = "R11" ("R11"); Footprint = "0603 Resistor"; UniqueID = "\CIKSPPZP" ("\CIKSPPZP")
Change component parameters (AddParameter): Name = "ComponentLink1Description"; Value = "Chip&Dip"; VariantName = "[No Variations]"
Change component parameters (AddParameter): Name = "ComponentLink1URL"; Value = "https://www.chipdip.ru/product0/9000079613"; VariantName = "[No Variations]"
Change component parameters (AddParameter): Name = "Manufacturer"; Value = "Taiwan"; VariantName = "[No Variations]"
Change component parameters (AddParameter): Name = "Part Number"; Value = "RC0603FR-0775RL"; VariantName = "[No Variations]"
Change component parameters (AddParameter): Name = "Type"; Value = "Resistor"; VariantName = "[No Variations]"
Change component parameters: Designator = "R12" ("R12"); Footprint = "0603 Resistor"; UniqueID = "\TOSKGLPB" ("\TOSKGLPB")
Change component parameters (AddParameter): Name = "ComponentLink1Description"; Value = "Chip&Dip"; VariantName = "[No Variations]"
Change component parameters (AddParameter): Name = "ComponentLink1URL"; Value = "https://www.chipdip.ru/product0/9000079613"; VariantName = "[No Variations]"
Change component parameters (AddParameter): Name = "Manufacturer"; Value = "Taiwan"; VariantName = "[No Variations]"
Change component parameters (AddParameter): Name = "Part Number"; Value = "RC0603FR-0775RL"; VariantName = "[No Variations]"
Change component parameters (AddParameter): Name = "Type"; Value = "Resistor"; VariantName = "[No Variations]"
Change component parameters: Designator = "R13" ("R13"); Footprint = "0603 Resistor"; UniqueID = "\QTERLAZS" ("\QTERLAZS")
Change component parameters (AddParameter): Name = "ComponentLink1Description"; Value = "Chip&Dip"; VariantName = "[No Variations]"
Change component parameters (AddParameter): Name = "ComponentLink1URL"; Value = "https://www.chipdip.ru/product0/9000079669"; VariantName = "[No Variations]"
Change component parameters (AddParameter): Name = "Manufacturer"; Value = "Taiwan"; VariantName = "[No Variations]"
Change component parameters (AddParameter): Name = "Part Number"; Value = "RC0603FR-07510RL"; VariantName = "[No Variations]"
Change component parameters (AddParameter): Name = "Type"; Value = "Resistor"; VariantName = "[No Variations]"
Change component parameters: Designator = "R14" ("R14"); Footprint = "0603 Resistor"; UniqueID = "\KTVTQJGR" ("\KTVTQJGR")
Change component parameters (AddParameter): Name = "ComponentLink1Description"; Value = "Chip&Dip"; VariantName = "[No Variations]"
Change component parameters (AddParameter): Name = "ComponentLink1URL"; Value = "https://www.chipdip.ru/product0/9000079669"; VariantName = "[No Variations]"
Change component parameters (AddParameter): Name = "Manufacturer"; Value = "Taiwan"; VariantName = "[No Variations]"
Change component parameters (AddParameter): Name = "Part Number"; Value = "RC0603FR-07510RL"; VariantName = "[No Variations]"
Change component parameters (AddParameter): Name = "Type"; Value = "Resistor"; VariantName = "[No Variations]"
Change component parameters: Designator = "R15" ("R15"); Footprint = "0603 Resistor"; UniqueID = "\CAFEXUCT" ("\CAFEXUCT")
Change component parameters (AddParameter): Name = "ComponentLink1Description"; Value = "Chip&Dip"; VariantName = "[No Variations]"
Change component parameters (AddParameter): Name = "ComponentLink1URL"; Value = "https://www.chipdip.ru/product0/9000079613"; VariantName = "[No Variations]"
Change component parameters (AddParameter): Name = "Manufacturer"; Value = "Taiwan"; VariantName = "[No Variations]"
Change component parameters (AddParameter): Name = "Part Number"; Value = "RC0603FR-0775RL"; VariantName = "[No Variations]"
Change component parameters (AddParameter): Name = "Type"; Value = "Resistor"; VariantName = "[No Variations]"
Change component parameters: Designator = "R16" ("R16"); Footprint = "0603 Resistor"; UniqueID = "\GAPLZUTH" ("\GAPLZUTH")
Change component parameters (AddParameter): Name = "ComponentLink1Description"; Value = "Chip&Dip"; VariantName = "[No Variations]"
Change component parameters (AddParameter): Name = "ComponentLink1URL"; Value = "https://www.chipdip.ru/product0/9000079613"; VariantName = "[No Variations]"
Change component parameters (AddParameter): Name = "Manufacturer"; Value = "Taiwan"; VariantName = "[No Variations]"
Change component parameters (AddParameter): Name = "Part Number"; Value = "RC0603FR-0775RL"; VariantName = "[No Variations]"
Change component parameters (AddParameter): Name = "Type"; Value = "Resistor"; VariantName = "[No Variations]"
Change component parameters: Designator = "R17" ("R17"); Footprint = "0603 Resistor"; UniqueID = "\EINTFTXE" ("\EINTFTXE")
Change component parameters (AddParameter): Name = "ComponentLink1Description"; Value = "Chip&Dip"; VariantName = "[No Variations]"
Change component parameters (AddParameter): Name = "ComponentLink1URL"; Value = "https://www.chipdip.ru/product0/9000079669"; VariantName = "[No Variations]"
Change component parameters (AddParameter): Name = "Manufacturer"; Value = "Taiwan"; VariantName = "[No Variations]"
Change component parameters (AddParameter): Name = "Part Number"; Value = "RC0603FR-07510RL"; VariantName = "[No Variations]"
Change component parameters (AddParameter): Name = "Type"; Value = "Resistor"; VariantName = "[No Variations]"
Change component parameters: Designator = "R18" ("R18"); Footprint = "0603 Resistor"; UniqueID = "\LOVAVRAS" ("\LOVAVRAS")
Change component parameters (AddParameter): Name = "ComponentLink1Description"; Value = "Chip&Dip"; VariantName = "[No Variations]"
Change component parameters (AddParameter): Name = "ComponentLink1URL"; Value = "https://www.chipdip.ru/product0/9000079669"; VariantName = "[No Variations]"
Change component parameters (AddParameter): Name = "Manufacturer"; Value = "Taiwan"; VariantName = "[No Variations]"
Change component parameters (AddParameter): Name = "Part Number"; Value = "RC0603FR-07510RL"; VariantName = "[No Variations]"
Change component parameters (AddParameter): Name = "Type"; Value = "Resistor"; VariantName = "[No Variations]"
Change component parameters: Designator = "R19" ("R19"); Footprint = "0603 Resistor"; UniqueID = "\CJDVQGZT" ("\CJDVQGZT")
Change component parameters (AddParameter): Name = "ComponentLink1Description"; Value = "Chip&Dip"; VariantName = "[No Variations]"
Change component parameters (AddParameter): Name = "ComponentLink1URL"; Value = "https://www.chipdip.ru/product0/9000079613"; VariantName = "[No Variations]"
Change component parameters (AddParameter): Name = "Manufacturer"; Value = "Taiwan"; VariantName = "[No Variations]"
Change component parameters (AddParameter): Name = "Part Number"; Value = "RC0603FR-0775RL"; VariantName = "[No Variations]"
Change component parameters (AddParameter): Name = "Type"; Value = "Resistor"; VariantName = "[No Variations]"
Change component parameters: Designator = "R20" ("R20"); Footprint = "0603 Resistor"; UniqueID = "\JSRQCMXJ" ("\JSRQCMXJ")
Change component parameters (AddParameter): Name = "ComponentLink1Description"; Value = "Chip&Dip"; VariantName = "[No Variations]"
Change component parameters (AddParameter): Name = "ComponentLink1URL"; Value = "https://www.chipdip.ru/product0/9000079613"; VariantName = "[No Variations]"
Change component parameters (AddParameter): Name = "Manufacturer"; Value = "Taiwan"; VariantName = "[No Variations]"
Change component parameters (AddParameter): Name = "Part Number"; Value = "RC0603FR-0775RL"; VariantName = "[No Variations]"
Change component parameters (AddParameter): Name = "Type"; Value = "Resistor"; VariantName = "[No Variations]"
Change component parameters: Designator = "U5" ("U5"); Footprint = "ESP32-WROOM-32U"; UniqueID = "\BXQEWREH" ("\BXQEWREH")
Change component parameters (AddParameter): Name = "ComponentLink1Description"; Value = "Mouser"; VariantName = "[No Variations]"
Change component parameters (AddParameter): Name = "ComponentLink1URL"; Value = "https://ru.mouser.com/ProductDetail/Espressif-Systems/ESP32-WROOM-32U-16MB?qs=sGAEpiMZZMu3sxpa5v1qrsMD9%252BwKyL2mrwTVktUnYUY%3D"; VariantName = "[No Variations]"
Change component parameters (AddParameter): Name = "ComponentLink2Description"; Value = "DataSheet"; VariantName = "[No Variations]"
Change component parameters (AddParameter): Name = "ComponentLink2URL"; Value = "https://ru.mouser.com/datasheet/2/891/esp32-wroom-32d_esp32-wroom-32u_datasheet_en-1365844.pdf"; VariantName = "[No Variations]"
Change component parameters (AddParameter): Name = "Manufacturer"; Value = "Espressif Systems"; VariantName = "[No Variations]"
Change component parameters (AddParameter): Name = "Part Number"; Value = "ESP32-WROOM-32U (16MB)"; VariantName = "[No Variations]"
Change component parameters (AddParameter): Name = "Type"; Value = "IC"; VariantName = "[No Variations]"
Added Pin To Net: NetName=NetJ1_1 Pin=Q1-3
Added Pin To Net: NetName=NetJ2_1 Pin=Q2-3
Added Pin To Net: NetName=NetJ3_1 Pin=Q3-3
Added Pin To Net: NetName=NetJ4_1 Pin=Q4-3
Added Pin To Net: NetName=NetJ5_1 Pin=Q5-3
Added Pin To Net: NetName=NetJ6_1 Pin=Q6-3
Added Pin To Net: NetName=LCD_LED_PWM1 Pin=R9-1
Added Pin To Net: NetName=NetQ1_1 Pin=R9-2
Added Pin To Net: NetName=LCD_LED_PWM2 Pin=R10-1
Added Pin To Net: NetName=NetQ2_1 Pin=R10-2
Added Pin To Net: NetName=GND Pin=R11-1
Added Pin To Net: NetName=GND Pin=R12-1
Added Pin To Net: NetName=LCD_LED_PWM3 Pin=R13-1
Added Pin To Net: NetName=NetQ3_1 Pin=R13-2
Added Pin To Net: NetName=LCD_LED_PWM4 Pin=R14-1
Added Pin To Net: NetName=NetQ4_1 Pin=R14-2
Added Pin To Net: NetName=GND Pin=R15-1
Added Pin To Net: NetName=GND Pin=R16-1
Added Pin To Net: NetName=LCD_LED_PWM5 Pin=R17-1
Added Pin To Net: NetName=NetQ5_1 Pin=R17-2
Added Pin To Net: NetName=LCD_LED_PWM6 Pin=R18-1
Added Pin To Net: NetName=NetQ6_1 Pin=R18-2
Added Pin To Net: NetName=GND Pin=R19-1
Added Pin To Net: NetName=GND Pin=R20-1
Added Pin To Net: NetName=NetQ1_2 Pin=Q1-2
Added Pin To Net: NetName=NetQ1_2 Pin=R11-2
Added Net: Name=NetQ1_2
Added Pin To Net: NetName=NetQ2_2 Pin=Q2-2
Added Pin To Net: NetName=NetQ2_2 Pin=R12-2
Added Net: Name=NetQ2_2
Added Pin To Net: NetName=NetQ3_2 Pin=Q3-2
Added Pin To Net: NetName=NetQ3_2 Pin=R15-2
Added Net: Name=NetQ3_2
Added Pin To Net: NetName=NetQ4_2 Pin=Q4-2
Added Pin To Net: NetName=NetQ4_2 Pin=R16-2
Added Net: Name=NetQ4_2
Added Pin To Net: NetName=NetQ5_2 Pin=Q5-2
Added Pin To Net: NetName=NetQ5_2 Pin=R19-2
Added Net: Name=NetQ5_2
Added Pin To Net: NetName=NetQ6_2 Pin=Q6-2
Added Pin To Net: NetName=NetQ6_2 Pin=R20-2
Added Net: Name=NetQ6_2
